#
# A fatal error has been detected by the Java Runtime Environment:
#
#  EXCEPTION_ACCESS_VIOLATION (0xc0000005) at pc=0x00007ffa93bf64da, pid=21524, tid=15060
#
# JRE version: Java(TM) SE Runtime Environment (15.0.2+7) (build 15.0.2+7-27)
# Java VM: Java HotSpot(TM) 64-Bit Server VM (15.0.2+7-27, mixed mode, sharing, tiered, compressed oops, g1 gc, windows-amd64)
# Problematic frame:
# C  [ig11icd64.dll+0x5a64da]
#
# No core dump will be written. Minidumps are not enabled by default on client versions of Windows
#
# If you would like to submit a bug report, please visit:
#   https://bugreport.java.com/bugreport/crash.jsp
#

---------------  S U M M A R Y ------------

Command Line: -javaagent:C:\Program Files\JetBrains\IntelliJ IDEA 2023.2.2\lib\idea_rt.jar=51148:C:\Program Files\JetBrains\IntelliJ IDEA 2023.2.2\bin -Dfile.encoding=UTF-8 projetSpace.ex2.Main

Host: Intel(R) Core(TM) i7-1065G7 CPU @ 1.30GHz, 8 cores, 15G,  Windows 10 , 64 bit Build 22621 (10.0.22621.2506)
Time: Thu Dec 21 16:49:49 2023 Paris, Madrid elapsed time: 14.767424 seconds (0d 0h 0m 14s)

---------------  T H R E A D  ---------------

Current thread (0x000001cdb2306980):  VMThread "VM Thread" [stack: 0x000000bce6500000,0x000000bce6600000] [id=15060]

Stack: [0x000000bce6500000,0x000000bce6600000],  sp=0x000000bce65fe5d0,  free space=1017k
Native frames: (J=compiled Java code, j=interpreted, Vv=VM code, C=native code)
C  [ig11icd64.dll+0x5a64da]


siginfo: EXCEPTION_ACCESS_VIOLATION (0xc0000005), reading address 0x00000000000355f8


Register to memory mapping:

RIP=0x00007ffa93bf64da ig11icd64.dll
RAX=0x000001cdb906b8e0 points into unknown readable memory: 0x000000000001478a | 8a 47 01 00 00 00 00 00
RBX=0x000001cdb906b7e0 points into unknown readable memory: 0x000001cdb34f3300 | 00 33 4f b3 cd 01 00 00
RCX=0x0 is NULL
RDX=0x000001cdb384f8e0 points into unknown readable memory: 0x0000000000000000 | 00 00 00 00 00 00 00 00
RSP=0x000000bce65fe5d0 points into unknown readable memory: 0x000001cdb34910a0 | a0 10 49 b3 cd 01 00 00
RBP=0x0 is NULL
RSI=0x000001cdb906bda8 points into unknown readable memory: 0x0000000000000000 | 00 00 00 00 00 00 00 00
RDI=0x000001cdb335fd10 points into unknown readable memory: 0x0000000000000000 | 00 00 00 00 00 00 00 00
R8 =0x0000000000000014 is an unknown value
R9 =0x0 is NULL
R10=0x0 is NULL
R11=0x0000000000000246 is an unknown value
R12=0x0 is NULL
R13=0x0 is NULL
R14=0x0 is NULL
R15=0x00007ffa94600500 ig11icd64.dll


Registers:
RAX=0x000001cdb906b8e0, RBX=0x000001cdb906b7e0, RCX=0x0000000000000000, RDX=0x000001cdb384f8e0
RSP=0x000000bce65fe5d0, RBP=0x0000000000000000, RSI=0x000001cdb906bda8, RDI=0x000001cdb335fd10
R8 =0x0000000000000014, R9 =0x0000000000000000, R10=0x0000000000000000, R11=0x0000000000000246
R12=0x0000000000000000, R13=0x0000000000000000, R14=0x0000000000000000, R15=0x00007ffa94600500
RIP=0x00007ffa93bf64da, EFLAGS=0x0000000000010202

Top of Stack: (sp=0x000000bce65fe5d0)
0x000000bce65fe5d0:   000001cdb34910a0 02627eaa01832eaa
0x000000bce65fe5e0:   000000bce65fe618 0000005400000000
0x000000bce65fe5f0:   00007ffa94600580 0000000000000000
0x000000bce65fe600:   000001cdb390b3d0 0000000000000098
0x000000bce65fe610:   0000000000000000 00007ffa93bd6f8a
0x000000bce65fe620:   000001cdb34910a0 000001cdb335fd10
0x000000bce65fe630:   000000bce65fe720 000000000001479b
0x000000bce65fe640:   000000bc00000d6c 022847b300000000
0x000000bce65fe650:   0000000000000000 00fb92b302a87fb3
0x000000bce65fe660:   02bde8b402b4c3b3 02af5cb501671bb5
0x000000bce65fe670:   005c94b5021266b5 02b184b7020c75b7
0x000000bce65fe680:   029fbdb702a0a1b7 009702b8023ee2b7
0x000000bce65fe690:   029a7eb900f31ab9 02b92eba022ab9b9
0x000000bce65fe6a0:   0260b7ba02d1acba 01dd51bb02c60bbb
0x000000bce65fe6b0:   02856abb025c63bb 008b8ebb02168ebb
0x000000bce65fe6c0:   0231c1bc022bf4bb 0294d4bc012ad2bc 

Instructions: (pc=0x00007ffa93bf64da)
0x00007ffa93bf63da:   44 38 3c 01 75 05 e8 83 12 f9 ff 65 48 8b 04 25
0x00007ffa93bf63ea:   58 00 00 00 41 be 20 00 00 00 48 8b 04 30 4d 8b
0x00007ffa93bf63fa:   34 06 48 85 ed 0f 84 3d 03 00 00 66 66 66 0f 1f
0x00007ffa93bf640a:   84 00 00 00 00 00 48 8b dd 48 8d b5 c8 05 00 00
0x00007ffa93bf641a:   48 8b 2e 45 84 e4 74 1d 48 8b 0b 48 8b d3 80 bb
0x00007ffa93bf642a:   20 06 00 00 00 0f 85 c0 02 00 00 e8 66 5e fe ff
0x00007ffa93bf643a:   e9 c2 02 00 00 8b 8f d0 01 00 00 48 8b 05 84 b3
0x00007ffa93bf644a:   90 00 83 b8 64 03 00 00 02 0f 85 db 00 00 00 83
0x00007ffa93bf645a:   f9 10 73 0a 48 8d 41 04 48 8d 04 c1 eb 5b 8d 51
0x00007ffa93bf646a:   f0 8b c2 c1 e8 04 83 f8 03 73 1d 0f ae e8 83 e2
0x00007ffa93bf647a:   0f 4c 8b 84 c3 80 05 00 00 4d 85 c0 74 25 48 8d
0x00007ffa93bf648a:   0c d2 49 8d 04 c8 eb 35 48 8b 83 98 05 00 00 48
0x00007ffa93bf649a:   85 c0 74 0f 66 90 39 08 74 2e 48 8b 40 50 48 85
0x00007ffa93bf64aa:   c0 75 f3 80 bb a0 05 00 00 00 74 22 8b c1 83 e0
0x00007ffa93bf64ba:   0f 48 8d 04 c0 48 8d 40 20 48 8d 04 c3 48 85 c0
0x00007ffa93bf64ca:   74 0c 48 8b 48 08 eb 08 48 83 c0 08 eb ef 33 c9
0x00007ffa93bf64da:   49 3b 8e f8 55 03 00 76 51 48 8b 87 80 02 00 00
0x00007ffa93bf64ea:   48 89 06 48 89 9f 80 02 00 00 ff 87 88 02 00 00
0x00007ffa93bf64fa:   48 8b 43 08 48 8b 88 18 01 00 00 48 81 e1 00 00
0x00007ffa93bf650a:   ff ff 48 81 c1 00 00 01 00 48 01 8f 90 02 00 00
0x00007ffa93bf651a:   48 8b 43 08 48 8b 88 18 01 00 00 48 01 8f a0 02
0x00007ffa93bf652a:   00 00 41 b7 01 e9 cd 01 00 00 44 8b 97 d0 01 00
0x00007ffa93bf653a:   00 48 8b 87 e8 01 00 00 4c 8b 08 8b 8f d0 01 00
0x00007ffa93bf654a:   00 83 f9 10 73 0a 48 8d 41 04 48 8d 04 c1 eb 59
0x00007ffa93bf655a:   8d 51 f0 8b c2 c1 e8 04 83 f8 03 73 1d 0f ae e8
0x00007ffa93bf656a:   83 e2 0f 4c 8b 84 c3 80 05 00 00 4d 85 c0 74 23
0x00007ffa93bf657a:   48 8d 0c d2 49 8d 04 c8 eb 33 48 8b 83 98 05 00
0x00007ffa93bf658a:   00 48 85 c0 74 0d 39 08 74 47 48 8b 40 50 48 85
0x00007ffa93bf659a:   c0 75 f3 80 bb a0 05 00 00 00 74 20 8b c1 83 e0
0x00007ffa93bf65aa:   0f 48 8d 04 c0 48 8d 40 20 48 8d 04 c3 48 85 c0
0x00007ffa93bf65ba:   74 0a 4c 39 48 08 0f 87 95 00 00 00 8b 8f d0 01
0x00007ffa93bf65ca:   00 00 83 f9 10 73 10 48 8d 41 04 48 8d 04 c1 eb 


Stack slot to memory mapping:
stack at sp + 0 slots: 0x000001cdb34910a0 points into unknown readable memory: 0xffffffffffffffff | ff ff ff ff ff ff ff ff
stack at sp + 1 slots: 0x02627eaa01832eaa is an unknown value
stack at sp + 2 slots: 0x000000bce65fe618 points into unknown readable memory: 0x00007ffa93bd6f8a | 8a 6f bd 93 fa 7f 00 00
stack at sp + 3 slots: 0x0000005400000000 is an unknown value
stack at sp + 4 slots: 0x00007ffa94600580 ig11icd64.dll
stack at sp + 5 slots: 0x0 is NULL
stack at sp + 6 slots: 0x000001cdb390b3d0 points into unknown readable memory: 0x0000000000000000 | 00 00 00 00 00 00 00 00
stack at sp + 7 slots: 0x0000000000000098 is an unknown value

VM_Operation (0x000000bce80fe660): Exit, mode: safepoint, requested by thread 0x000001cdb39d94c0


---------------  P R O C E S S  ---------------

Threads class SMR info:
_java_thread_list=0x000001cdb3a19a70, length=17, elements={
0x000001cdb23089a0, 0x000001cdb230b580, 0x000001cdb2321250, 0x000001cdb2322d10,
0x000001cdb2323f60, 0x000001cdb23254e0, 0x000001cdb2326b20, 0x000001cdb23432a0,
0x000001cdb2be08d0, 0x000001cdb2d87530, 0x000001cdb2d8f2d0, 0x000001cdb32f8750,
0x000001cdb3985790, 0x000001cdb39d94c0, 0x000001cdb3a13860, 0x000001cd8cf94650,
0x000001cdb93716a0
}

Java Threads: ( => current thread )
  0x000001cdb23089a0 JavaThread "Reference Handler" daemon [_thread_blocked, id=11776, stack(0x000000bce6600000,0x000000bce6700000)]
  0x000001cdb230b580 JavaThread "Finalizer" daemon [_thread_blocked, id=16516, stack(0x000000bce6700000,0x000000bce6800000)]
  0x000001cdb2321250 JavaThread "Signal Dispatcher" daemon [_thread_blocked, id=12760, stack(0x000000bce6800000,0x000000bce6900000)]
  0x000001cdb2322d10 JavaThread "Attach Listener" daemon [_thread_blocked, id=17000, stack(0x000000bce6900000,0x000000bce6a00000)]
  0x000001cdb2323f60 JavaThread "Service Thread" daemon [_thread_blocked, id=20060, stack(0x000000bce6a00000,0x000000bce6b00000)]
  0x000001cdb23254e0 JavaThread "C2 CompilerThread0" daemon [_thread_blocked, id=12140, stack(0x000000bce6b00000,0x000000bce6c00000)]
  0x000001cdb2326b20 JavaThread "C1 CompilerThread0" daemon [_thread_blocked, id=15400, stack(0x000000bce6c00000,0x000000bce6d00000)]
  0x000001cdb23432a0 JavaThread "Sweeper thread" daemon [_thread_blocked, id=16936, stack(0x000000bce6d00000,0x000000bce6e00000)]
  0x000001cdb2be08d0 JavaThread "Common-Cleaner" daemon [_thread_blocked, id=14912, stack(0x000000bce6e00000,0x000000bce6f00000)]
  0x000001cdb2d87530 JavaThread "Monitor Ctrl-Break" daemon [_thread_in_native, id=8888, stack(0x000000bce6f00000,0x000000bce7000000)]
  0x000001cdb2d8f2d0 JavaThread "Notification Thread" daemon [_thread_blocked, id=14576, stack(0x000000bce7000000,0x000000bce7100000)]
  0x000001cdb32f8750 JavaThread "Java2D Disposer" daemon [_thread_blocked, id=10484, stack(0x000000bce7200000,0x000000bce7300000)]
  0x000001cdb3985790 JavaThread "AWT-Shutdown" [_thread_blocked, id=21060, stack(0x000000bce7500000,0x000000bce7600000)]
  0x000001cdb39d94c0 JavaThread "AWT-EventQueue-0" [_thread_blocked, id=5292, stack(0x000000bce8000000,0x000000bce8100000)]
  0x000001cdb3a13860 JavaThread "main-AWTAnimator#00" [_thread_blocked, id=9548, stack(0x000000bce8100000,0x000000bce8200000)]
  0x000001cd8cf94650 JavaThread "DestroyJavaVM" [_thread_blocked, id=10412, stack(0x000000bce5f00000,0x000000bce6000000)]
  0x000001cdb93716a0 JavaThread "Image Fetcher 0" daemon [_thread_blocked, id=2244, stack(0x000000bce7300000,0x000000bce7400000)]

Other Threads:
=>0x000001cdb2306980 VMThread "VM Thread" [stack: 0x000000bce6500000,0x000000bce6600000] [id=15060]
  0x000001cd8cfe6b50 GCTaskThread "GC Thread#0" [stack: 0x000000bce6000000,0x000000bce6100000] [id=21948]
  0x000001cdb335e6c0 GCTaskThread "GC Thread#1" [stack: 0x000000bce7b00000,0x000000bce7c00000] [id=7092]
  0x000001cdb3361cf0 GCTaskThread "GC Thread#2" [stack: 0x000000bce7c00000,0x000000bce7d00000] [id=6948]
  0x000001cdb335f6b0 GCTaskThread "GC Thread#3" [stack: 0x000000bce7d00000,0x000000bce7e00000] [id=1992]
  0x000001cdb3361030 GCTaskThread "GC Thread#4" [stack: 0x000000bce7e00000,0x000000bce7f00000] [id=21716]
  0x000001cdb33619c0 GCTaskThread "GC Thread#5" [stack: 0x000000bce7f00000,0x000000bce8000000] [id=18172]
  0x000001cd8cff7870 ConcurrentGCThread "G1 Main Marker" [stack: 0x000000bce6100000,0x000000bce6200000] [id=20636]
  0x000001cd8cff8c80 ConcurrentGCThread "G1 Conc#0" [stack: 0x000000bce6200000,0x000000bce6300000] [id=8576]
  0x000001cd8d05e5a0 ConcurrentGCThread "G1 Refine#0" [stack: 0x000000bce6300000,0x000000bce6400000] [id=14820]
  0x000001cdb2202430 ConcurrentGCThread "G1 Young RemSet Sampling" [stack: 0x000000bce6400000,0x000000bce6500000] [id=3804]

Threads with active compile tasks:

VM state: at safepoint (shutting down)

VM Mutex/Monitor currently owned by a thread:  ([mutex/lock_event])
[0x000001cd8cf91740] Threads_lock - owner thread: 0x000001cdb2306980
[0x000001cd8cf91980] Heap_lock - owner thread: 0x000001cdb39d94c0

Heap address: 0x0000000706800000, size: 3992 MB, Compressed Oops mode: Zero based, Oop shift amount: 3
CDS archive(s) mapped at: [0x0000000800000000-0x0000000800b50000-0x0000000800b50000), size 11862016, SharedBaseAddress: 0x0000000800000000, ArchiveRelocationMode: 0.
Compressed class space mapped at: 0x0000000800b50000-0x0000000840b50000, size: 1073741824
Narrow klass base: 0x0000000800000000, Narrow klass shift: 3, Narrow klass range: 0x100000000

GC Precious Log:
 CPUs: 8 total, 8 available
 Memory: 15961M
 Large Page Support: Disabled
 NUMA Support: Disabled
 Compressed Oops: Enabled (Zero based)
 Heap Region Size: 2M
 Heap Min Capacity: 8M
 Heap Initial Capacity: 250M
 Heap Max Capacity: 3992M
 Pre-touch: Disabled
 Parallel Workers: 8
 Concurrent Workers: 2
 Concurrent Refinement Workers: 8
 Periodic GC: Disabled

Heap:
 garbage-first heap   total 256000K, used 19398K [0x0000000706800000, 0x0000000800000000)
  region size 2048K, 9 young (18432K), 2 survivors (4096K)
 Metaspace       used 15583K, capacity 15789K, committed 16128K, reserved 1064960K
  class space    used 1387K, capacity 1446K, committed 1536K, reserved 1048576K

Heap Regions: E=young(eden), S=young(survivor), O=old, HS=humongous(starts), HC=humongous(continues), CS=collection set, F=free, OA=open archive, CA=closed archive, TAMS=top-at-mark-start (previous, next)
|   0|0x0000000706800000, 0x0000000706a00000, 0x0000000706a00000|100%|HS|  |TAMS 0x0000000706800000, 0x0000000706800000| Complete 
|   1|0x0000000706a00000, 0x0000000706c00000, 0x0000000706c00000|100%|HC|  |TAMS 0x0000000706a00000, 0x0000000706a00000| Complete 
|   2|0x0000000706c00000, 0x0000000706c00000, 0x0000000706e00000|  0%| F|  |TAMS 0x0000000706c00000, 0x0000000706c00000| Untracked 
|   3|0x0000000706e00000, 0x0000000706e00000, 0x0000000707000000|  0%| F|  |TAMS 0x0000000706e00000, 0x0000000706e00000| Untracked 
|   4|0x0000000707000000, 0x0000000707000000, 0x0000000707200000|  0%| F|  |TAMS 0x0000000707000000, 0x0000000707000000| Untracked 
|   5|0x0000000707200000, 0x0000000707200000, 0x0000000707400000|  0%| F|  |TAMS 0x0000000707200000, 0x0000000707200000| Untracked 
|   6|0x0000000707400000, 0x0000000707400000, 0x0000000707600000|  0%| F|  |TAMS 0x0000000707400000, 0x0000000707400000| Untracked 
|   7|0x0000000707600000, 0x0000000707600000, 0x0000000707800000|  0%| F|  |TAMS 0x0000000707600000, 0x0000000707600000| Untracked 
|   8|0x0000000707800000, 0x0000000707800000, 0x0000000707a00000|  0%| F|  |TAMS 0x0000000707800000, 0x0000000707800000| Untracked 
|   9|0x0000000707a00000, 0x0000000707a00000, 0x0000000707c00000|  0%| F|  |TAMS 0x0000000707a00000, 0x0000000707a00000| Untracked 
|  10|0x0000000707c00000, 0x0000000707c00000, 0x0000000707e00000|  0%| F|  |TAMS 0x0000000707c00000, 0x0000000707c00000| Untracked 
|  11|0x0000000707e00000, 0x0000000707e00000, 0x0000000708000000|  0%| F|  |TAMS 0x0000000707e00000, 0x0000000707e00000| Untracked 
|  12|0x0000000708000000, 0x0000000708000000, 0x0000000708200000|  0%| F|  |TAMS 0x0000000708000000, 0x0000000708000000| Untracked 
|  13|0x0000000708200000, 0x0000000708200000, 0x0000000708400000|  0%| F|  |TAMS 0x0000000708200000, 0x0000000708200000| Untracked 
|  14|0x0000000708400000, 0x0000000708400000, 0x0000000708600000|  0%| F|  |TAMS 0x0000000708400000, 0x0000000708400000| Untracked 
|  15|0x0000000708600000, 0x0000000708600000, 0x0000000708800000|  0%| F|  |TAMS 0x0000000708600000, 0x0000000708600000| Untracked 
|  16|0x0000000708800000, 0x0000000708800000, 0x0000000708a00000|  0%| F|  |TAMS 0x0000000708800000, 0x0000000708800000| Untracked 
|  17|0x0000000708a00000, 0x0000000708a00000, 0x0000000708c00000|  0%| F|  |TAMS 0x0000000708a00000, 0x0000000708a00000| Untracked 
|  18|0x0000000708c00000, 0x0000000708c00000, 0x0000000708e00000|  0%| F|  |TAMS 0x0000000708c00000, 0x0000000708c00000| Untracked 
|  19|0x0000000708e00000, 0x0000000708e00000, 0x0000000709000000|  0%| F|  |TAMS 0x0000000708e00000, 0x0000000708e00000| Untracked 
|  20|0x0000000709000000, 0x0000000709000000, 0x0000000709200000|  0%| F|  |TAMS 0x0000000709000000, 0x0000000709000000| Untracked 
|  21|0x0000000709200000, 0x0000000709200000, 0x0000000709400000|  0%| F|  |TAMS 0x0000000709200000, 0x0000000709200000| Untracked 
|  22|0x0000000709400000, 0x0000000709400000, 0x0000000709600000|  0%| F|  |TAMS 0x0000000709400000, 0x0000000709400000| Untracked 
|  23|0x0000000709600000, 0x0000000709600000, 0x0000000709800000|  0%| F|  |TAMS 0x0000000709600000, 0x0000000709600000| Untracked 
|  24|0x0000000709800000, 0x0000000709800000, 0x0000000709a00000|  0%| F|  |TAMS 0x0000000709800000, 0x0000000709800000| Untracked 
|  25|0x0000000709a00000, 0x0000000709a00000, 0x0000000709c00000|  0%| F|  |TAMS 0x0000000709a00000, 0x0000000709a00000| Untracked 
|  26|0x0000000709c00000, 0x0000000709c00000, 0x0000000709e00000|  0%| F|  |TAMS 0x0000000709c00000, 0x0000000709c00000| Untracked 
|  27|0x0000000709e00000, 0x0000000709e00000, 0x000000070a000000|  0%| F|  |TAMS 0x0000000709e00000, 0x0000000709e00000| Untracked 
|  28|0x000000070a000000, 0x000000070a000000, 0x000000070a200000|  0%| F|  |TAMS 0x000000070a000000, 0x000000070a000000| Untracked 
|  29|0x000000070a200000, 0x000000070a200000, 0x000000070a400000|  0%| F|  |TAMS 0x000000070a200000, 0x000000070a200000| Untracked 
|  30|0x000000070a400000, 0x000000070a400000, 0x000000070a600000|  0%| F|  |TAMS 0x000000070a400000, 0x000000070a400000| Untracked 
|  31|0x000000070a600000, 0x000000070a600000, 0x000000070a800000|  0%| F|  |TAMS 0x000000070a600000, 0x000000070a600000| Untracked 
|  32|0x000000070a800000, 0x000000070a800000, 0x000000070aa00000|  0%| F|  |TAMS 0x000000070a800000, 0x000000070a800000| Untracked 
|  33|0x000000070aa00000, 0x000000070aa00000, 0x000000070ac00000|  0%| F|  |TAMS 0x000000070aa00000, 0x000000070aa00000| Untracked 
|  34|0x000000070ac00000, 0x000000070ac00000, 0x000000070ae00000|  0%| F|  |TAMS 0x000000070ac00000, 0x000000070ac00000| Untracked 
|  35|0x000000070ae00000, 0x000000070ae00000, 0x000000070b000000|  0%| F|  |TAMS 0x000000070ae00000, 0x000000070ae00000| Untracked 
|  36|0x000000070b000000, 0x000000070b000000, 0x000000070b200000|  0%| F|  |TAMS 0x000000070b000000, 0x000000070b000000| Untracked 
|  37|0x000000070b200000, 0x000000070b200000, 0x000000070b400000|  0%| F|  |TAMS 0x000000070b200000, 0x000000070b200000| Untracked 
|  38|0x000000070b400000, 0x000000070b400000, 0x000000070b600000|  0%| F|  |TAMS 0x000000070b400000, 0x000000070b400000| Untracked 
|  39|0x000000070b600000, 0x000000070b600000, 0x000000070b800000|  0%| F|  |TAMS 0x000000070b600000, 0x000000070b600000| Untracked 
|  40|0x000000070b800000, 0x000000070b800000, 0x000000070ba00000|  0%| F|  |TAMS 0x000000070b800000, 0x000000070b800000| Untracked 
|  41|0x000000070ba00000, 0x000000070ba00000, 0x000000070bc00000|  0%| F|  |TAMS 0x000000070ba00000, 0x000000070ba00000| Untracked 
|  42|0x000000070bc00000, 0x000000070bc00000, 0x000000070be00000|  0%| F|  |TAMS 0x000000070bc00000, 0x000000070bc00000| Untracked 
|  43|0x000000070be00000, 0x000000070be00000, 0x000000070c000000|  0%| F|  |TAMS 0x000000070be00000, 0x000000070be00000| Untracked 
|  44|0x000000070c000000, 0x000000070c000000, 0x000000070c200000|  0%| F|  |TAMS 0x000000070c000000, 0x000000070c000000| Untracked 
|  45|0x000000070c200000, 0x000000070c200000, 0x000000070c400000|  0%| F|  |TAMS 0x000000070c200000, 0x000000070c200000| Untracked 
|  46|0x000000070c400000, 0x000000070c400000, 0x000000070c600000|  0%| F|  |TAMS 0x000000070c400000, 0x000000070c400000| Untracked 
|  47|0x000000070c600000, 0x000000070c600000, 0x000000070c800000|  0%| F|  |TAMS 0x000000070c600000, 0x000000070c600000| Untracked 
|  48|0x000000070c800000, 0x000000070c800000, 0x000000070ca00000|  0%| F|  |TAMS 0x000000070c800000, 0x000000070c800000| Untracked 
|  49|0x000000070ca00000, 0x000000070ca00000, 0x000000070cc00000|  0%| F|  |TAMS 0x000000070ca00000, 0x000000070ca00000| Untracked 
|  50|0x000000070cc00000, 0x000000070cc00000, 0x000000070ce00000|  0%| F|  |TAMS 0x000000070cc00000, 0x000000070cc00000| Untracked 
|  51|0x000000070ce00000, 0x000000070ce00000, 0x000000070d000000|  0%| F|  |TAMS 0x000000070ce00000, 0x000000070ce00000| Untracked 
|  52|0x000000070d000000, 0x000000070d000000, 0x000000070d200000|  0%| F|  |TAMS 0x000000070d000000, 0x000000070d000000| Untracked 
|  53|0x000000070d200000, 0x000000070d200000, 0x000000070d400000|  0%| F|  |TAMS 0x000000070d200000, 0x000000070d200000| Untracked 
|  54|0x000000070d400000, 0x000000070d400000, 0x000000070d600000|  0%| F|  |TAMS 0x000000070d400000, 0x000000070d400000| Untracked 
|  55|0x000000070d600000, 0x000000070d600000, 0x000000070d800000|  0%| F|  |TAMS 0x000000070d600000, 0x000000070d600000| Untracked 
|  56|0x000000070d800000, 0x000000070d800000, 0x000000070da00000|  0%| F|  |TAMS 0x000000070d800000, 0x000000070d800000| Untracked 
|  57|0x000000070da00000, 0x000000070da00000, 0x000000070dc00000|  0%| F|  |TAMS 0x000000070da00000, 0x000000070da00000| Untracked 
|  58|0x000000070dc00000, 0x000000070dc00000, 0x000000070de00000|  0%| F|  |TAMS 0x000000070dc00000, 0x000000070dc00000| Untracked 
|  59|0x000000070de00000, 0x000000070de00000, 0x000000070e000000|  0%| F|  |TAMS 0x000000070de00000, 0x000000070de00000| Untracked 
|  60|0x000000070e000000, 0x000000070e000000, 0x000000070e200000|  0%| F|  |TAMS 0x000000070e000000, 0x000000070e000000| Untracked 
|  61|0x000000070e200000, 0x000000070e200000, 0x000000070e400000|  0%| F|  |TAMS 0x000000070e200000, 0x000000070e200000| Untracked 
|  62|0x000000070e400000, 0x000000070e400000, 0x000000070e600000|  0%| F|  |TAMS 0x000000070e400000, 0x000000070e400000| Untracked 
|  63|0x000000070e600000, 0x000000070e600000, 0x000000070e800000|  0%| F|  |TAMS 0x000000070e600000, 0x000000070e600000| Untracked 
|  64|0x000000070e800000, 0x000000070e800000, 0x000000070ea00000|  0%| F|  |TAMS 0x000000070e800000, 0x000000070e800000| Untracked 
|  65|0x000000070ea00000, 0x000000070ea00000, 0x000000070ec00000|  0%| F|  |TAMS 0x000000070ea00000, 0x000000070ea00000| Untracked 
|  66|0x000000070ec00000, 0x000000070ec00000, 0x000000070ee00000|  0%| F|  |TAMS 0x000000070ec00000, 0x000000070ec00000| Untracked 
|  67|0x000000070ee00000, 0x000000070ee00000, 0x000000070f000000|  0%| F|  |TAMS 0x000000070ee00000, 0x000000070ee00000| Untracked 
|  68|0x000000070f000000, 0x000000070f000000, 0x000000070f200000|  0%| F|  |TAMS 0x000000070f000000, 0x000000070f000000| Untracked 
|  69|0x000000070f200000, 0x000000070f200000, 0x000000070f400000|  0%| F|  |TAMS 0x000000070f200000, 0x000000070f200000| Untracked 
|  70|0x000000070f400000, 0x000000070f400000, 0x000000070f600000|  0%| F|  |TAMS 0x000000070f400000, 0x000000070f400000| Untracked 
|  71|0x000000070f600000, 0x000000070f600000, 0x000000070f800000|  0%| F|  |TAMS 0x000000070f600000, 0x000000070f600000| Untracked 
|  72|0x000000070f800000, 0x000000070f800000, 0x000000070fa00000|  0%| F|  |TAMS 0x000000070f800000, 0x000000070f800000| Untracked 
|  73|0x000000070fa00000, 0x000000070fa00000, 0x000000070fc00000|  0%| F|  |TAMS 0x000000070fa00000, 0x000000070fa00000| Untracked 
|  74|0x000000070fc00000, 0x000000070fc00000, 0x000000070fe00000|  0%| F|  |TAMS 0x000000070fc00000, 0x000000070fc00000| Untracked 
|  75|0x000000070fe00000, 0x000000070fe00000, 0x0000000710000000|  0%| F|  |TAMS 0x000000070fe00000, 0x000000070fe00000| Untracked 
|  76|0x0000000710000000, 0x0000000710000000, 0x0000000710200000|  0%| F|  |TAMS 0x0000000710000000, 0x0000000710000000| Untracked 
|  77|0x0000000710200000, 0x0000000710200000, 0x0000000710400000|  0%| F|  |TAMS 0x0000000710200000, 0x0000000710200000| Untracked 
|  78|0x0000000710400000, 0x0000000710400000, 0x0000000710600000|  0%| F|  |TAMS 0x0000000710400000, 0x0000000710400000| Untracked 
|  79|0x0000000710600000, 0x0000000710600000, 0x0000000710800000|  0%| F|  |TAMS 0x0000000710600000, 0x0000000710600000| Untracked 
|  80|0x0000000710800000, 0x0000000710800000, 0x0000000710a00000|  0%| F|  |TAMS 0x0000000710800000, 0x0000000710800000| Untracked 
|  81|0x0000000710a00000, 0x0000000710a00000, 0x0000000710c00000|  0%| F|  |TAMS 0x0000000710a00000, 0x0000000710a00000| Untracked 
|  82|0x0000000710c00000, 0x0000000710c00000, 0x0000000710e00000|  0%| F|  |TAMS 0x0000000710c00000, 0x0000000710c00000| Untracked 
|  83|0x0000000710e00000, 0x0000000710e00000, 0x0000000711000000|  0%| F|  |TAMS 0x0000000710e00000, 0x0000000710e00000| Untracked 
|  84|0x0000000711000000, 0x0000000711000000, 0x0000000711200000|  0%| F|  |TAMS 0x0000000711000000, 0x0000000711000000| Untracked 
|  85|0x0000000711200000, 0x0000000711200000, 0x0000000711400000|  0%| F|  |TAMS 0x0000000711200000, 0x0000000711200000| Untracked 
|  86|0x0000000711400000, 0x0000000711400000, 0x0000000711600000|  0%| F|  |TAMS 0x0000000711400000, 0x0000000711400000| Untracked 
|  87|0x0000000711600000, 0x0000000711600000, 0x0000000711800000|  0%| F|  |TAMS 0x0000000711600000, 0x0000000711600000| Untracked 
|  88|0x0000000711800000, 0x0000000711800000, 0x0000000711a00000|  0%| F|  |TAMS 0x0000000711800000, 0x0000000711800000| Untracked 
|  89|0x0000000711a00000, 0x0000000711a00000, 0x0000000711c00000|  0%| F|  |TAMS 0x0000000711a00000, 0x0000000711a00000| Untracked 
|  90|0x0000000711c00000, 0x0000000711c00000, 0x0000000711e00000|  0%| F|  |TAMS 0x0000000711c00000, 0x0000000711c00000| Untracked 
|  91|0x0000000711e00000, 0x0000000711e00000, 0x0000000712000000|  0%| F|  |TAMS 0x0000000711e00000, 0x0000000711e00000| Untracked 
|  92|0x0000000712000000, 0x0000000712000000, 0x0000000712200000|  0%| F|  |TAMS 0x0000000712000000, 0x0000000712000000| Untracked 
|  93|0x0000000712200000, 0x0000000712200000, 0x0000000712400000|  0%| F|  |TAMS 0x0000000712200000, 0x0000000712200000| Untracked 
|  94|0x0000000712400000, 0x0000000712400000, 0x0000000712600000|  0%| F|  |TAMS 0x0000000712400000, 0x0000000712400000| Untracked 
|  95|0x0000000712600000, 0x0000000712600000, 0x0000000712800000|  0%| F|  |TAMS 0x0000000712600000, 0x0000000712600000| Untracked 
|  96|0x0000000712800000, 0x0000000712800000, 0x0000000712a00000|  0%| F|  |TAMS 0x0000000712800000, 0x0000000712800000| Untracked 
|  97|0x0000000712a00000, 0x0000000712a00000, 0x0000000712c00000|  0%| F|  |TAMS 0x0000000712a00000, 0x0000000712a00000| Untracked 
|  98|0x0000000712c00000, 0x0000000712c00000, 0x0000000712e00000|  0%| F|  |TAMS 0x0000000712c00000, 0x0000000712c00000| Untracked 
|  99|0x0000000712e00000, 0x0000000712e00000, 0x0000000713000000|  0%| F|  |TAMS 0x0000000712e00000, 0x0000000712e00000| Untracked 
| 100|0x0000000713000000, 0x0000000713000000, 0x0000000713200000|  0%| F|  |TAMS 0x0000000713000000, 0x0000000713000000| Untracked 
| 101|0x0000000713200000, 0x0000000713200000, 0x0000000713400000|  0%| F|  |TAMS 0x0000000713200000, 0x0000000713200000| Untracked 
| 102|0x0000000713400000, 0x0000000713400000, 0x0000000713600000|  0%| F|  |TAMS 0x0000000713400000, 0x0000000713400000| Untracked 
| 103|0x0000000713600000, 0x0000000713600000, 0x0000000713800000|  0%| F|  |TAMS 0x0000000713600000, 0x0000000713600000| Untracked 
| 104|0x0000000713800000, 0x0000000713800000, 0x0000000713a00000|  0%| F|  |TAMS 0x0000000713800000, 0x0000000713800000| Untracked 
| 105|0x0000000713a00000, 0x0000000713a00000, 0x0000000713c00000|  0%| F|  |TAMS 0x0000000713a00000, 0x0000000713a00000| Untracked 
| 106|0x0000000713c00000, 0x0000000713c00000, 0x0000000713e00000|  0%| F|  |TAMS 0x0000000713c00000, 0x0000000713c00000| Untracked 
| 107|0x0000000713e00000, 0x0000000713e00000, 0x0000000714000000|  0%| F|  |TAMS 0x0000000713e00000, 0x0000000713e00000| Untracked 
| 108|0x0000000714000000, 0x0000000714000000, 0x0000000714200000|  0%| F|  |TAMS 0x0000000714000000, 0x0000000714000000| Untracked 
| 109|0x0000000714200000, 0x0000000714200000, 0x0000000714400000|  0%| F|  |TAMS 0x0000000714200000, 0x0000000714200000| Untracked 
| 110|0x0000000714400000, 0x0000000714400000, 0x0000000714600000|  0%| F|  |TAMS 0x0000000714400000, 0x0000000714400000| Untracked 
| 111|0x0000000714600000, 0x0000000714600000, 0x0000000714800000|  0%| F|  |TAMS 0x0000000714600000, 0x0000000714600000| Untracked 
| 112|0x0000000714800000, 0x00000007148f1998, 0x0000000714a00000| 47%| S|CS|TAMS 0x0000000714800000, 0x0000000714800000| Complete 
| 113|0x0000000714a00000, 0x0000000714c00000, 0x0000000714c00000|100%| S|CS|TAMS 0x0000000714a00000, 0x0000000714a00000| Complete 
| 114|0x0000000714c00000, 0x0000000714c00000, 0x0000000714e00000|  0%| F|  |TAMS 0x0000000714c00000, 0x0000000714c00000| Untracked 
| 115|0x0000000714e00000, 0x0000000714e00000, 0x0000000715000000|  0%| F|  |TAMS 0x0000000714e00000, 0x0000000714e00000| Untracked 
| 116|0x0000000715000000, 0x0000000715000000, 0x0000000715200000|  0%| F|  |TAMS 0x0000000715000000, 0x0000000715000000| Untracked 
| 117|0x0000000715200000, 0x0000000715200000, 0x0000000715400000|  0%| F|  |TAMS 0x0000000715200000, 0x0000000715200000| Untracked 
| 118|0x0000000715400000, 0x000000071558b940, 0x0000000715600000| 77%| E|  |TAMS 0x0000000715400000, 0x0000000715400000| Complete 
| 119|0x0000000715600000, 0x0000000715800000, 0x0000000715800000|100%| E|CS|TAMS 0x0000000715600000, 0x0000000715600000| Complete 
| 120|0x0000000715800000, 0x0000000715a00000, 0x0000000715a00000|100%| E|CS|TAMS 0x0000000715800000, 0x0000000715800000| Complete 
| 121|0x0000000715a00000, 0x0000000715c00000, 0x0000000715c00000|100%| E|CS|TAMS 0x0000000715a00000, 0x0000000715a00000| Complete 
| 122|0x0000000715c00000, 0x0000000715e00000, 0x0000000715e00000|100%| E|CS|TAMS 0x0000000715c00000, 0x0000000715c00000| Complete 
| 123|0x0000000715e00000, 0x0000000716000000, 0x0000000716000000|100%| E|CS|TAMS 0x0000000715e00000, 0x0000000715e00000| Complete 
| 124|0x0000000716000000, 0x0000000716200000, 0x0000000716200000|100%| E|CS|TAMS 0x0000000716000000, 0x0000000716000000| Complete 

Card table byte_map: [0x000001cda6bf0000,0x000001cda73c0000] _byte_map_base: 0x000001cda33bc000

Marking Bits (Prev, Next): (CMBitMap*) 0x000001cd8cfe73c0, (CMBitMap*) 0x000001cd8cfe7400
 Prev Bits: [0x000001cda7b90000, 0x000001cdab9f0000)
 Next Bits: [0x000001cdab9f0000, 0x000001cdaf850000)

Polling page: 0x000001cd8d060000

Metaspace:

Usage:
  Non-class:     14.01 MB capacity,    13.86 MB ( 99%) used,   127.66 KB ( <1%) free+waste,    19.81 KB ( <1%) overhead. 
      Class:      1.41 MB capacity,     1.36 MB ( 96%) used,    51.45 KB (  4%) free+waste,     6.88 KB ( <1%) overhead. 
       Both:     15.42 MB capacity,    15.22 MB ( 99%) used,   179.11 KB (  1%) free+waste,    26.69 KB ( <1%) overhead. 

Virtual space:
  Non-class space:       16.00 MB reserved,      14.25 MB ( 89%) committed 
      Class space:        1.00 GB reserved,       1.50 MB ( <1%) committed 
             Both:        1.02 GB reserved,      15.75 MB (  2%) committed 

Chunk freelists:
   Non-Class:  57.00 KB
       Class:  26.00 KB
        Both:  83.00 KB

MaxMetaspaceSize: 17179869184.00 GB
CompressedClassSpaceSize: 1.00 GB

CodeHeap 'non-profiled nmethods': size=120000Kb used=552Kb max_used=552Kb free=119447Kb
 bounds [0x000001cd9e480000, 0x000001cd9e6f0000, 0x000001cda59b0000]
CodeHeap 'profiled nmethods': size=120000Kb used=2998Kb max_used=2998Kb free=117002Kb
 bounds [0x000001cd96f50000, 0x000001cd97240000, 0x000001cd9e480000]
CodeHeap 'non-nmethods': size=5760Kb used=1584Kb max_used=1591Kb free=4175Kb
 bounds [0x000001cd969b0000, 0x000001cd96c20000, 0x000001cd96f50000]
 total_blobs=2641 nmethods=1697 adapters=856
 compilation: enabled
              stopped_count=0, restarted_count=0
 full_count=0

Compilation events (20 events):
Event: 12.445 Thread 0x000001cdb2326b20 1688       3       java.awt.Container::findComponentAtImpl (161 bytes)
Event: 12.445 Thread 0x000001cdb2326b20 nmethod 1688 0x000001cd97238a10 code [0x000001cd97238c60, 0x000001cd97239928]
Event: 12.467 Thread 0x000001cdb2326b20 1689       3       java.awt.geom.Point2D::<init> (5 bytes)
Event: 12.468 Thread 0x000001cdb2326b20 nmethod 1689 0x000001cd97239c90 code [0x000001cd97239e20, 0x000001cd97239f78]
Event: 13.982 Thread 0x000001cdb2326b20 1690       3       java.util.IdentityHashMap::maskNull (12 bytes)
Event: 13.982 Thread 0x000001cdb2326b20 nmethod 1690 0x000001cd9723a010 code [0x000001cd9723a1a0, 0x000001cd9723a2d8]
Event: 13.982 Thread 0x000001cdb2326b20 1691       3       java.util.IdentityHashMap::hash (18 bytes)
Event: 13.982 Thread 0x000001cdb2326b20 nmethod 1691 0x000001cd9723a390 code [0x000001cd9723a520, 0x000001cd9723a648]
Event: 13.982 Thread 0x000001cdb2326b20 1692       3       java.awt.geom.AffineTransform::getType (17 bytes)
Event: 13.983 Thread 0x000001cdb2326b20 nmethod 1692 0x000001cd9723a710 code [0x000001cd9723a8c0, 0x000001cd9723aa48]
Event: 13.983 Thread 0x000001cdb2326b20 1693       3       javax.swing.MultiUIDefaults::get (67 bytes)
Event: 13.983 Thread 0x000001cdb2326b20 nmethod 1693 0x000001cd9723ab10 code [0x000001cd9723ad00, 0x000001cd9723b1e8]
Event: 14.127 Thread 0x000001cdb2326b20 1694   !   3       java.awt.Component::firePropertyChange (59 bytes)
Event: 14.128 Thread 0x000001cdb2326b20 nmethod 1694 0x000001cd9723b390 code [0x000001cd9723b560, 0x000001cd9723ba98]
Event: 14.128 Thread 0x000001cdb2326b20 1695       1       java.util.LinkedList::size (5 bytes)
Event: 14.128 Thread 0x000001cdb2326b20 nmethod 1695 0x000001cd9e509b10 code [0x000001cd9e509ca0, 0x000001cd9e509d58]
Event: 14.128 Thread 0x000001cdb23254e0 1696       4       sun.awt.AppContext::getAppContext (51 bytes)
Event: 14.129 Thread 0x000001cdb23254e0 nmethod 1696 0x000001cd9e509e10 code [0x000001cd9e509f80, 0x000001cd9e50a018]
Event: 14.144 Thread 0x000001cdb2326b20 1697       3       jdk.internal.loader.BuiltinClassLoader::defineClass (121 bytes)
Event: 14.145 Thread 0x000001cdb2326b20 nmethod 1697 0x000001cd9723bc10 code [0x000001cd9723bf00, 0x000001cd9723d248]

GC Heap History (2 events):
Event: 1.829 GC heap before
{Heap before GC invocations=0 (full 0):
 garbage-first heap   total 256000K, used 20480K [0x0000000706800000, 0x0000000800000000)
  region size 2048K, 11 young (22528K), 0 survivors (0K)
 Metaspace       used 10207K, capacity 10388K, committed 10624K, reserved 1058816K
  class space    used 789K, capacity 842K, committed 896K, reserved 1048576K
}
Event: 1.839 GC heap after
{Heap after GC invocations=1 (full 0):
 garbage-first heap   total 256000K, used 3014K [0x0000000706800000, 0x0000000800000000)
  region size 2048K, 2 young (4096K), 2 survivors (4096K)
 Metaspace       used 10207K, capacity 10388K, committed 10624K, reserved 1058816K
  class space    used 789K, capacity 842K, committed 896K, reserved 1048576K
}

Deoptimization events (20 events):
Event: 4.939 Thread 0x000001cdb39d94c0 Uncommon trap: trap_request=0xffffffc6 fr.pc=0x000001cd9e4ecb88 relative=0x0000000000000de8
Event: 4.939 Thread 0x000001cdb39d94c0 Uncommon trap: reason=bimorphic_or_optimized_type_check action=maybe_recompile pc=0x000001cd9e4ecb88 method=projetSpace.ex2.GraphicalObject.display(Lcom/jogamp/opengl/GL2;)V @ 101 c2
Event: 4.939 Thread 0x000001cdb39d94c0 DEOPT PACKING pc=0x000001cd9e4ecb88 sp=0x000000bce80fe9f0
Event: 4.939 Thread 0x000001cdb39d94c0 DEOPT UNPACKING pc=0x000001cd969b852f sp=0x000000bce80fe9b8 mode 2
Event: 11.026 Thread 0x000001cdb39d94c0 Uncommon trap: trap_request=0xffffff45 fr.pc=0x000001cd9e4fadd8 relative=0x0000000000000098
Event: 11.026 Thread 0x000001cdb39d94c0 Uncommon trap: reason=unstable_if action=reinterpret pc=0x000001cd9e4fadd8 method=projetSpace.ex2.Main.distance(LprojetSpace/ex2/GraphicalObject;LprojetSpace/ex2/Cube;)Z @ 43 c2
Event: 11.026 Thread 0x000001cdb39d94c0 DEOPT PACKING pc=0x000001cd9e4fadd8 sp=0x000000bce80feaa0
Event: 11.026 Thread 0x000001cdb39d94c0 DEOPT UNPACKING pc=0x000001cd969b852f sp=0x000000bce80fea30 mode 2
Event: 14.117 Thread 0x000001cdb39d94c0 Uncommon trap: trap_request=0xffffffde fr.pc=0x000001cd9e48b13c relative=0x000000000000019c
Event: 14.117 Thread 0x000001cdb39d94c0 Uncommon trap: reason=class_check action=maybe_recompile pc=0x000001cd9e48b13c method=java.lang.String.equals(Ljava/lang/Object;)Z @ 8 c2
Event: 14.117 Thread 0x000001cdb39d94c0 DEOPT PACKING pc=0x000001cd9e48b13c sp=0x000000bce80fd4d0
Event: 14.117 Thread 0x000001cdb39d94c0 DEOPT UNPACKING pc=0x000001cd969b852f sp=0x000000bce80fd478 mode 2
Event: 14.117 Thread 0x000001cdb39d94c0 Uncommon trap: trap_request=0xffffffde fr.pc=0x000001cd9e48b13c relative=0x000000000000019c
Event: 14.117 Thread 0x000001cdb39d94c0 Uncommon trap: reason=class_check action=maybe_recompile pc=0x000001cd9e48b13c method=java.lang.String.equals(Ljava/lang/Object;)Z @ 8 c2
Event: 14.117 Thread 0x000001cdb39d94c0 DEOPT PACKING pc=0x000001cd9e48b13c sp=0x000000bce80fd450
Event: 14.117 Thread 0x000001cdb39d94c0 DEOPT UNPACKING pc=0x000001cd969b852f sp=0x000000bce80fd3f8 mode 2
Event: 14.117 Thread 0x000001cdb39d94c0 Uncommon trap: trap_request=0xffffffde fr.pc=0x000001cd9e48b13c relative=0x000000000000019c
Event: 14.117 Thread 0x000001cdb39d94c0 Uncommon trap: reason=class_check action=maybe_recompile pc=0x000001cd9e48b13c method=java.lang.String.equals(Ljava/lang/Object;)Z @ 8 c2
Event: 14.117 Thread 0x000001cdb39d94c0 DEOPT PACKING pc=0x000001cd9e48b13c sp=0x000000bce80fd3c0
Event: 14.117 Thread 0x000001cdb39d94c0 DEOPT UNPACKING pc=0x000001cd969b852f sp=0x000000bce80fd368 mode 2

Classes unloaded (0 events):
No events

Classes redefined (0 events):
No events

Internal exceptions (20 events):
Event: 0.171 Thread 0x000001cd8cf94650 Exception <a 'java/lang/ClassNotFoundException'{0x0000000715f1cb38}: sun/awt/resources/spi/awtProvider> (0x0000000715f1cb38) 
thrown [./open/src/hotspot/share/classfile/systemDictionary.cpp, line 295]
Event: 0.203 Thread 0x000001cd8cf94650 Exception <a 'java/io/FileNotFoundException'{0x0000000715f74070}> (0x0000000715f74070) 
thrown [./open/src/hotspot/share/prims/jni.cpp, line 578]
Event: 0.213 Thread 0x000001cd8cf94650 Exception <a 'java/io/FileNotFoundException'{0x0000000715fa2840}> (0x0000000715fa2840) 
thrown [./open/src/hotspot/share/prims/jni.cpp, line 578]
Event: 0.378 Thread 0x000001cd8cf94650 Exception <a 'java/lang/NoSuchMethodError'{0x0000000715a20698}: 'void java.lang.invoke.DirectMethodHandle$Holder.invokeStaticInit(java.lang.Object, java.lang.Object)'> (0x0000000715a20698) 
thrown [./open/src/hotspot/share/interpreter/linkResolver.cpp, line 782]
Event: 0.389 Thread 0x000001cd8cf94650 Exception <a 'java/lang/NoSuchMethodError'{0x0000000715a4d600}: 'java.lang.Object java.lang.invoke.DirectMethodHandle$Holder.invokeStaticInit(java.lang.Object, int, int, int, int)'> (0x0000000715a4d600) 
thrown [./open/src/hotspot/share/interpreter/linkResolver.cpp, line 782]
Event: 0.452 Thread 0x000001cd8cf94650 Exception <a 'java/lang/NoSuchMethodError'{0x0000000715a7edc8}: 'java.lang.Object java.lang.invoke.DirectMethodHandle$Holder.invokeStaticInit(java.lang.Object, java.lang.Object, int, int, int, int)'> (0x0000000715a7edc8) 
thrown [./open/src/hotspot/share/interpreter/linkResolver.cpp, line 782]
Event: 0.468 Thread 0x000001cd8cf94650 Exception <a 'java/lang/NoSuchMethodError'{0x0000000715a8aa08}: 'void java.lang.invoke.DirectMethodHandle$Holder.invokeStatic(java.lang.Object, long)'> (0x0000000715a8aa08) 
thrown [./open/src/hotspot/share/interpreter/linkResolver.cpp, line 782]
Event: 0.469 Thread 0x000001cd8cf94650 Exception <a 'java/lang/NoSuchMethodError'{0x0000000715a90270}: 'java.lang.Object java.lang.invoke.DirectMethodHandle$Holder.newInvokeSpecial(java.lang.Object, long)'> (0x0000000715a90270) 
thrown [./open/src/hotspot/share/interpreter/linkResolver.cpp, line 782]
Event: 0.472 Thread 0x000001cd8cf94650 Exception <a 'java/lang/NoSuchMethodError'{0x0000000715a9adb8}: 'java.lang.Object java.lang.invoke.DirectMethodHandle$Holder.invokeStaticInit(java.lang.Object, java.lang.Object, long, java.lang.Object)'> (0x0000000715a9adb8) 
thrown [./open/src/hotspot/share/interpreter/linkResolver.cpp, line 782]
Event: 0.473 Thread 0x000001cd8cf94650 Exception <a 'java/lang/NoSuchMethodError'{0x0000000715aa1848}: 'java.lang.Object java.lang.invoke.DirectMethodHandle$Holder.newInvokeSpecial(java.lang.Object, java.lang.Object, long)'> (0x0000000715aa1848) 
thrown [./open/src/hotspot/share/interpreter/linkResolver.cpp, line 782]
Event: 0.474 Thread 0x000001cd8cf94650 Exception <a 'java/lang/NoSuchMethodError'{0x0000000715aa55b8}: 'java.lang.Object java.lang.invoke.Invokers$Holder.linkToTargetMethod(java.lang.Object, long, java.lang.Object)'> (0x0000000715aa55b8) 
thrown [./open/src/hotspot/share/interpreter/linkResolver.cpp, line 782]
Event: 2.247 Thread 0x000001cd8cf94650 Exception <a 'java/lang/NoSuchMethodError'{0x0000000715857208}: 'java.lang.Object java.lang.invoke.DirectMethodHandle$Holder.newInvokeSpecial(java.lang.Object, java.lang.Object, java.lang.Object, java.lang.Object, java.lang.Object)'> (0x0000000715857208) 
thrown [./open/src/hotspot/share/interpreter/linkResolver.cpp, line 782]
Event: 2.249 Thread 0x000001cd8cf94650 Exception <a 'java/lang/NoSuchMethodError'{0x0000000715863180}: 'java.lang.Object java.lang.invoke.DirectMethodHandle$Holder.invokeStatic(java.lang.Object, int, java.lang.Object, java.lang.Object, java.lang.Object, java.lang.Object)'> (0x0000000715863180) 
thrown [./open/src/hotspot/share/interpreter/linkResolver.cpp, line 782]
Event: 2.252 Thread 0x000001cd8cf94650 Exception <a 'java/lang/NoSuchMethodError'{0x00000007158895a8}: 'java.lang.Object java.lang.invoke.DirectMethodHandle$Holder.invokeStatic(java.lang.Object, int, java.lang.Object)'> (0x00000007158895a8) 
thrown [./open/src/hotspot/share/interpreter/linkResolver.cpp, line 782]
Event: 2.271 Thread 0x000001cd8cf94650 Exception <a 'java/lang/ClassNotFoundException'{0x0000000715945580}: com/sun/swing/internal/plaf/metal/resources/spi/metalProvider> (0x0000000715945580) 
thrown [./open/src/hotspot/share/classfile/systemDictionary.cpp, line 295]
Event: 2.273 Thread 0x000001cd8cf94650 Exception <a 'java/lang/ClassNotFoundException'{0x0000000715949308}: com/sun/swing/internal/plaf/basic/resources/spi/basicProvider> (0x0000000715949308) 
thrown [./open/src/hotspot/share/classfile/systemDictionary.cpp, line 295]
Event: 2.283 Thread 0x000001cd8cf94650 Implicit null exception at 0x000001cd9e4c860e to 0x000001cd9e4c89c0
Event: 2.311 Thread 0x000001cd8cf94650 Exception <a 'java/lang/NoSuchMethodError'{0x00000007159834f8}: 'void java.lang.invoke.DirectMethodHandle$Holder.invokeStaticInit(java.lang.Object)'> (0x00000007159834f8) 
thrown [./open/src/hotspot/share/interpreter/linkResolver.cpp, line 782]
Event: 11.054 Thread 0x000001cdb93716a0 Exception <a 'java/lang/NoSuchMethodError'{0x000000071549eaa8}: 'java.lang.Object java.lang.invoke.DirectMethodHandle$Holder.newInvokeSpecial(java.lang.Object, java.lang.Object, java.lang.Object, int, int, int, int, int)'> (0x000000071549eaa8) 
thrown [./open/src/hotspot/share/interpreter/linkResolver.cpp, line 782]
Event: 11.137 Thread 0x000001cdb39d94c0 Exception <a 'java/lang/NoSuchMethodError'{0x00000007154df748}: 'int java.lang.invoke.DirectMethodHandle$Holder.invokeStatic(java.lang.Object)'> (0x00000007154df748) 
thrown [./open/src/hotspot/share/interpreter/linkResolver.cpp, line 782]

Events (20 events):
Event: 14.117 loading class java/awt/KeyboardFocusManager$2 done
Event: 14.117 loading class sun/awt/SunToolkit$1
Event: 14.118 loading class sun/awt/SunToolkit$1 done
Event: 14.127 loading class java/awt/Window$1DisposeAction
Event: 14.127 loading class java/awt/Window$1DisposeAction done
Event: 14.129 loading class java/awt/LightweightDispatcher$2
Event: 14.129 loading class java/awt/LightweightDispatcher$2 done
Event: 14.130 Thread 0x000001cdb2ea3580 Thread added: 0x000001cdb2ea3580
Event: 14.130 Thread 0x000001cdb2ea13d0 Thread added: 0x000001cdb2ea13d0
Event: 14.130 Thread 0x000001cdb2ea2240 Thread added: 0x000001cdb2ea2240
Event: 14.130 Thread 0x000001cdb2ea1d70 Thread added: 0x000001cdb2ea1d70
Event: 14.130 Thread 0x000001cdb2ea13d0 Thread exited: 0x000001cdb2ea13d0
Event: 14.131 loading class java/nio/channels/ClosedChannelException
Event: 14.131 loading class java/nio/channels/ClosedChannelException done
Event: 14.131 Thread 0x000001cdb2ea2240 Thread exited: 0x000001cdb2ea2240
Event: 14.144 Thread 0x000001cdb38645f0 Thread exited: 0x000001cdb38645f0
Event: 14.153 Thread 0x000001cdb2ea3580 Thread exited: 0x000001cdb2ea3580
Event: 14.159 Thread 0x000001cdb3266020 Thread exited: 0x000001cdb3266020
Event: 14.244 Thread 0x000001cdb2ea1d70 Thread exited: 0x000001cdb2ea1d70
Event: 14.245 Executing VM operation: Exit


Dynamic libraries:
0x00007ff6887d0000 - 0x00007ff6887df000 	C:\Program Files\Java\jdk-15.0.2\bin\java.exe
0x00007ffb12c50000 - 0x00007ffb12e67000 	C:\WINDOWS\SYSTEM32\ntdll.dll
0x00007ffabf740000 - 0x00007ffabf759000 	C:\Program Files\Avast Software\Avast\aswhook.dll
0x00007ffb10ef0000 - 0x00007ffb10fb4000 	C:\WINDOWS\System32\KERNEL32.DLL
0x00007ffb10250000 - 0x00007ffb105f6000 	C:\WINDOWS\System32\KERNELBASE.dll
0x00007ffb10600000 - 0x00007ffb10711000 	C:\WINDOWS\System32\ucrtbase.dll
0x00007ffaf9400000 - 0x00007ffaf9419000 	C:\Program Files\Java\jdk-15.0.2\bin\VCRUNTIME140.dll
0x00007ffaf9420000 - 0x00007ffaf9438000 	C:\Program Files\Java\jdk-15.0.2\bin\jli.dll
0x00007ffb11c10000 - 0x00007ffb11cc1000 	C:\WINDOWS\System32\ADVAPI32.dll
0x00007ffb10ce0000 - 0x00007ffb10d87000 	C:\WINDOWS\System32\msvcrt.dll
0x00007ffb10e40000 - 0x00007ffb10ee5000 	C:\WINDOWS\System32\sechost.dll
0x00007ffb10a00000 - 0x00007ffb10b17000 	C:\WINDOWS\System32\RPCRT4.dll
0x00007ffb11a10000 - 0x00007ffb11bbe000 	C:\WINDOWS\System32\USER32.dll
0x00007ffb10220000 - 0x00007ffb10246000 	C:\WINDOWS\System32\win32u.dll
0x00007ffafe350000 - 0x00007ffafe5e3000 	C:\WINDOWS\WinSxS\amd64_microsoft.windows.common-controls_6595b64144ccf1df_6.0.22621.2506_none_270c5ae97388e100\COMCTL32.dll
0x00007ffb10fd0000 - 0x00007ffb10ff9000 	C:\WINDOWS\System32\GDI32.dll
0x00007ffb107c0000 - 0x00007ffb108d8000 	C:\WINDOWS\System32\gdi32full.dll
0x00007ffb10720000 - 0x00007ffb107ba000 	C:\WINDOWS\System32\msvcp_win.dll
0x00007ffafdd30000 - 0x00007ffafdd3a000 	C:\WINDOWS\SYSTEM32\VERSION.dll
0x00007ffb12810000 - 0x00007ffb12841000 	C:\WINDOWS\System32\IMM32.DLL
0x00007ffaf93f0000 - 0x00007ffaf93fc000 	C:\Program Files\Java\jdk-15.0.2\bin\vcruntime140_1.dll
0x00007ffaf9350000 - 0x00007ffaf93e1000 	C:\Program Files\Java\jdk-15.0.2\bin\msvcp140.dll
0x00007ffa946d0000 - 0x00007ffa9522e000 	C:\Program Files\Java\jdk-15.0.2\bin\server\jvm.dll
0x00007ffb11870000 - 0x00007ffb11878000 	C:\WINDOWS\System32\PSAPI.DLL
0x00007ffaef2a0000 - 0x00007ffaef2a9000 	C:\WINDOWS\SYSTEM32\WSOCK32.dll
0x00007ffb07490000 - 0x00007ffb074c4000 	C:\WINDOWS\SYSTEM32\WINMM.dll
0x00007ffb11cd0000 - 0x00007ffb11d41000 	C:\WINDOWS\System32\WS2_32.dll
0x00007ffb0ef80000 - 0x00007ffb0ef98000 	C:\WINDOWS\SYSTEM32\kernel.appcore.dll
0x00007ffaf9340000 - 0x00007ffaf934a000 	C:\Program Files\Java\jdk-15.0.2\bin\jimage.dll
0x00007ffb07db0000 - 0x00007ffb07fe3000 	C:\WINDOWS\SYSTEM32\DBGHELP.DLL
0x00007ffb12400000 - 0x00007ffb12789000 	C:\WINDOWS\System32\combase.dll
0x00007ffb12320000 - 0x00007ffb123f7000 	C:\WINDOWS\System32\OLEAUT32.dll
0x00007ffb073e0000 - 0x00007ffb07412000 	C:\WINDOWS\SYSTEM32\dbgcore.DLL
0x00007ffb101a0000 - 0x00007ffb1021a000 	C:\WINDOWS\System32\bcryptPrimitives.dll
0x00007ffaf9480000 - 0x00007ffaf948e000 	C:\Program Files\Java\jdk-15.0.2\bin\instrument.dll
0x00007ffaf9310000 - 0x00007ffaf9335000 	C:\Program Files\Java\jdk-15.0.2\bin\java.dll
0x00007ffb11010000 - 0x00007ffb1186a000 	C:\WINDOWS\System32\SHELL32.dll
0x00007ffb0de90000 - 0x00007ffb0e786000 	C:\WINDOWS\SYSTEM32\windows.storage.dll
0x00007ffb0dd50000 - 0x00007ffb0de8e000 	C:\WINDOWS\SYSTEM32\wintypes.dll
0x00007ffb128e0000 - 0x00007ffb129d3000 	C:\WINDOWS\System32\SHCORE.dll
0x00007ffb127b0000 - 0x00007ffb1280e000 	C:\WINDOWS\System32\shlwapi.dll
0x00007ffb0fef0000 - 0x00007ffb0ff16000 	C:\WINDOWS\SYSTEM32\profapi.dll
0x00007ffaf9460000 - 0x00007ffaf9478000 	C:\Program Files\Java\jdk-15.0.2\bin\zip.dll
0x00007ffaf92f0000 - 0x00007ffaf9309000 	C:\Program Files\Java\jdk-15.0.2\bin\net.dll
0x00007ffb05ea0000 - 0x00007ffb05fd7000 	C:\WINDOWS\SYSTEM32\WINHTTP.dll
0x00007ffb0f400000 - 0x00007ffb0f469000 	C:\WINDOWS\system32\mswsock.dll
0x00007ffaf92d0000 - 0x00007ffaf92e2000 	C:\Program Files\Java\jdk-15.0.2\bin\nio.dll
0x00007ffaf9440000 - 0x00007ffaf945a000 	C:\Program Files\JetBrains\IntelliJ IDEA 2023.2.2\bin\breakgen64.dll
0x00007ffab4070000 - 0x00007ffab41f0000 	C:\Program Files\Java\jdk-15.0.2\bin\awt.dll
0x00007ffb0cf80000 - 0x00007ffb0d017000 	C:\WINDOWS\SYSTEM32\apphelp.dll
0x00007ffb0f640000 - 0x00007ffb0f65b000 	C:\WINDOWS\SYSTEM32\CRYPTSP.dll
0x00007ffb0eee0000 - 0x00007ffb0ef15000 	C:\WINDOWS\system32\rsaenh.dll
0x00007ffb0f4c0000 - 0x00007ffb0f4ec000 	C:\WINDOWS\SYSTEM32\USERENV.dll
0x00007ffb0f860000 - 0x00007ffb0f888000 	C:\WINDOWS\SYSTEM32\bcrypt.dll
0x00007ffb0f630000 - 0x00007ffb0f63c000 	C:\WINDOWS\SYSTEM32\CRYPTBASE.dll
0x00007ffb0e9f0000 - 0x00007ffb0ea1d000 	C:\WINDOWS\SYSTEM32\IPHLPAPI.DLL
0x00007ffb11980000 - 0x00007ffb11989000 	C:\WINDOWS\System32\NSI.dll
0x00007ffb05bc0000 - 0x00007ffb05bd9000 	C:\WINDOWS\SYSTEM32\dhcpcsvc6.DLL
0x00007ffb05960000 - 0x00007ffb0597f000 	C:\WINDOWS\SYSTEM32\dhcpcsvc.DLL
0x00007ffb0ea60000 - 0x00007ffb0eb59000 	C:\WINDOWS\SYSTEM32\DNSAPI.dll
0x00007ffaedc80000 - 0x00007ffaedc93000 	C:\Users\quent\AppData\Local\Temp\jogamp_0000\file_cache\jln8080445423329396802\jln15578745537580049434\natives\windows-amd64\gluegen_rt.dll
0x00007ffb0d140000 - 0x00007ffb0d1eb000 	C:\WINDOWS\system32\uxtheme.dll
0x00007ffb121d0000 - 0x00007ffb12320000 	C:\WINDOWS\System32\MSCTF.dll
0x00007ffb10b20000 - 0x00007ffb10cc0000 	C:\WINDOWS\System32\ole32.dll
0x00007ffaf8d70000 - 0x00007ffaf8d77000 	C:\Program Files\Java\jdk-15.0.2\bin\jawt.dll
0x00007ffaedc70000 - 0x00007ffaedc7d000 	C:\Users\quent\AppData\Local\Temp\jogamp_0000\file_cache\jln8080445423329396802\jln15578745537580049434\natives\windows-amd64\nativewindow_awt.dll
0x00007ffb0d3a0000 - 0x00007ffb0d3cb000 	C:\WINDOWS\system32\DWMAPI.DLL
0x00007ffaf8f70000 - 0x00007ffaf9070000 	C:\WINDOWS\system32\opengl32.dll
0x00007ffafa720000 - 0x00007ffafa74d000 	C:\WINDOWS\SYSTEM32\GLU32.dll
0x00007ffb0d250000 - 0x00007ffb0d286000 	C:\WINDOWS\SYSTEM32\dxcore.dll
0x00007ffaedc50000 - 0x00007ffaedc65000 	C:\Users\quent\AppData\Local\Temp\jogamp_0000\file_cache\jln8080445423329396802\jln15578745537580049434\natives\windows-amd64\nativewindow_win32.dll
0x00007ffac6320000 - 0x00007ffac63a3000 	C:\Users\quent\AppData\Local\Temp\jogamp_0000\file_cache\jln8080445423329396802\jln15578745537580049434\natives\windows-amd64\jogl_desktop.dll
0x00007ffac62c0000 - 0x00007ffac6312000 	C:\Users\quent\AppData\Local\Temp\jogamp_0000\file_cache\jln8080445423329396802\jln15578745537580049434\natives\windows-amd64\jogl_mobile.dll
0x00007ffb071f0000 - 0x00007ffb0723a000 	C:\WINDOWS\SYSTEM32\directxdatabasehelper.dll
0x00007ffb10d90000 - 0x00007ffb10e40000 	C:\WINDOWS\System32\clbcatq.dll
0x00007ffa93650000 - 0x00007ffa946cc000 	C:\WINDOWS\System32\DriverStore\FileRepository\iigd_dch.inf_amd64_5200f923ae4aa962\ig11icd64.dll
0x00007ffb0d290000 - 0x00007ffb0d388000 	C:\WINDOWS\system32\dxgi.dll
0x00007ffa931e0000 - 0x00007ffa93644000 	C:\WINDOWS\System32\DriverStore\FileRepository\iigd_dch.inf_amd64_5200f923ae4aa962\igdml64.dll
0x00007ffb01bb0000 - 0x00007ffb01f6d000 	C:\WINDOWS\System32\DriverStore\FileRepository\iigd_dch.inf_amd64_5200f923ae4aa962\igdgmm64.dll
0x00007ffafe950000 - 0x00007ffb01b88000 	C:\WINDOWS\System32\DriverStore\FileRepository\iigd_dch.inf_amd64_5200f923ae4aa962\igc64.dll
0x00007ffb0fe90000 - 0x00007ffb0fedd000 	C:\WINDOWS\SYSTEM32\powrprof.dll
0x00007ffb0fe70000 - 0x00007ffb0fe83000 	C:\WINDOWS\SYSTEM32\UMPDC.dll
0x00007ffab3fe0000 - 0x00007ffab4065000 	C:\Program Files\Java\jdk-15.0.2\bin\freetype.dll
0x00007ffab3f30000 - 0x00007ffab3fd9000 	C:\Program Files\Java\jdk-15.0.2\bin\fontmanager.dll
0x00007ffafa460000 - 0x00007ffafa5aa000 	C:\WINDOWS\SYSTEM32\textinputframework.dll
0x00007ffb0cbb0000 - 0x00007ffb0cce3000 	C:\WINDOWS\SYSTEM32\CoreMessaging.dll
0x00007ffb06a50000 - 0x00007ffb06dbc000 	C:\WINDOWS\SYSTEM32\CoreUIComponents.dll

dbghelp: loaded successfully - version: 4.0.5 - missing functions: none
symbol engine: initialized successfully - sym options: 0x614 - pdb path: .;C:\Program Files\Java\jdk-15.0.2\bin;C:\WINDOWS\SYSTEM32;C:\Program Files\Avast Software\Avast;C:\WINDOWS\WinSxS\amd64_microsoft.windows.common-controls_6595b64144ccf1df_6.0.22621.2506_none_270c5ae97388e100;C:\Program Files\Java\jdk-15.0.2\bin\server;C:\Program Files\JetBrains\IntelliJ IDEA 2023.2.2\bin;C:\Users\quent\AppData\Local\Temp\jogamp_0000\file_cache\jln8080445423329396802\jln15578745537580049434\natives\windows-amd64;C:\WINDOWS\System32\DriverStore\FileRepository\iigd_dch.inf_amd64_5200f923ae4aa962

VM Arguments:
jvm_args: -javaagent:C:\Program Files\JetBrains\IntelliJ IDEA 2023.2.2\lib\idea_rt.jar=51148:C:\Program Files\JetBrains\IntelliJ IDEA 2023.2.2\bin -Dfile.encoding=UTF-8 
java_command: projetSpace.ex2.Main
java_class_path (initial): C:\Users\quent\Downloads\lp-sorbonne\java\OpenGL\out\production\OpenGL;C:\Users\quent\Downloads\jogamp-all-platforms\jogamp-all-platforms\jar\gluegen-rt.jar;C:\Users\quent\Downloads\jogamp-all-platforms\jogamp-all-platforms\jar\jogl-all.jar
Launcher Type: SUN_STANDARD

[Global flags]
     intx CICompilerCount                          = 4                                         {product} {ergonomic}
     uint ConcGCThreads                            = 2                                         {product} {ergonomic}
     uint G1ConcRefinementThreads                  = 8                                         {product} {ergonomic}
   size_t G1HeapRegionSize                         = 2097152                                   {product} {ergonomic}
    uintx GCDrainStackTargetSize                   = 64                                        {product} {ergonomic}
   size_t InitialHeapSize                          = 262144000                                 {product} {ergonomic}
   size_t MarkStackSize                            = 4194304                                   {product} {ergonomic}
   size_t MaxHeapSize                              = 4185915392                                {product} {ergonomic}
   size_t MaxNewSize                               = 2510290944                                {product} {ergonomic}
   size_t MinHeapDeltaBytes                        = 2097152                                   {product} {ergonomic}
   size_t MinHeapSize                              = 8388608                                   {product} {ergonomic}
    uintx NonNMethodCodeHeapSize                   = 5839372                                {pd product} {ergonomic}
    uintx NonProfiledCodeHeapSize                  = 122909434                              {pd product} {ergonomic}
    uintx ProfiledCodeHeapSize                     = 122909434                              {pd product} {ergonomic}
    uintx ReservedCodeCacheSize                    = 251658240                              {pd product} {ergonomic}
     bool SegmentedCodeCache                       = true                                      {product} {ergonomic}
   size_t SoftMaxHeapSize                          = 4185915392                             {manageable} {ergonomic}
     bool UseCompressedClassPointers               = true                                 {lp64_product} {ergonomic}
     bool UseCompressedOops                        = true                                 {lp64_product} {ergonomic}
     bool UseG1GC                                  = true                                      {product} {ergonomic}
     bool UseLargePagesIndividualAllocation        = false                                  {pd product} {ergonomic}

Logging:
Log output configuration:
 #0: stdout all=off uptime,level,tags
 #1: stderr all=off uptime,level,tags

Environment Variables:
PATH=C:\Program Files\Common Files\Oracle\Java\javapath;C:\Program Files (x86)\Common Files\Oracle\Java\javapath;C:\Program Files (x86)\Common Files\Intel\Shared Libraries\redist\intel64\compiler;C:\WINDOWS\system32;C:\WINDOWS;C:\WINDOWS\System32\Wbem;C:\WINDOWS\System32\WindowsPowerShell\v1.0\;C:\WINDOWS\System32\OpenSSH\;C:\MinGW\bin;C:\Program Files\Git\cmd;C:\Program Files\dotnet\;C:\ProgramData\chocolatey\bin;C:\Program Files\nodejs\;C:\Program Files\Docker\Docker\resources\bin;C:\Users\quent\Downloads\chromedriver_win32;C:\ProgramData\ComposerSetup\bin;C:\Users\quent\AppData\Local\Programs\Python\Python310\Scripts\;C:\Users\quent\AppData\Local\Programs\Python\Python310\;C:\Users\quent\AppData\Local\Microsoft\WindowsApps;C:\Users\quent\AppData\Local\Programs\Microsoft VS Code\bin;C:\wamp64\bin\php\php7.4.9;C:\Users\quent\AppData\Roaming\npm;C:\Users\quent\AppData\Local\GitHubDesktop\bin;C:\Users\quent\AppData\Roaming\Composer\vendor\bin;C:\Program Files\MongoDB\Server\7.0\bin;C:\Program Files (x86)\Nmap
USERNAME=quent
OS=Windows_NT
PROCESSOR_IDENTIFIER=Intel64 Family 6 Model 126 Stepping 5, GenuineIntel



---------------  S Y S T E M  ---------------

OS:
 Windows 10 , 64 bit Build 22621 (10.0.22621.2506)
OS uptime: 0 days 2:32 hours
HyperV virtualization detected

CPU: total 8 (initial active 8) (4 cores per cpu, 2 threads per core) family 6 model 126 stepping 5 microcode 0xa6, cmov, cx8, fxsr, mmx, sse, sse2, sse3, ssse3, sse4.1, sse4.2, popcnt, vzeroupper, avx, avx2, aes, clmul, erms, 3dnowpref, lzcnt, ht, tsc, tscinvbit, bmi1, bmi2, adx, avx512f, avx512dq, avx512cd, avx512bw, avx512vl, avx512_vpopcntdq, avx512_vpclmulqdq, avx512_vbmi, avx512_vbmi2, avx512_vaes, avx512_vnni, sha, fma, clflush, clflushopt

Memory: 4k page, system-wide physical 15961M (7438M free)
TotalPageFile size 18393M (AvailPageFile size 9865M)
current process WorkingSet (physical memory assigned to process): 188M, peak: 206M
current process commit charge ("private bytes"): 421M, peak: 452M

vm_info: Java HotSpot(TM) 64-Bit Server VM (15.0.2+7-27) for windows-amd64 JRE (15.0.2+7-27), built on Dec  7 2020 20:07:01 by "mach5one" with unknown MS VC++:1925

END.
